  [1m[35m (123.7ms)[0m  [1m[35mCREATE DATABASE "peepoHungry_development" ENCODING = 'unicode'[0m
  [1m[35m (76.3ms)[0m  [1m[35mCREATE DATABASE "peepoHungry_test" ENCODING = 'unicode'[0m
Started GET "/favicon.ico" for 127.0.0.1 at 2023-05-26 14:20:04 -0400
  
ActionController::RoutingError (No route matches [GET] "/favicon.ico"):
  
Started GET "/api/test" for 127.0.0.1 at 2023-05-26 14:20:42 -0400
Processing by ApplicationController#test as */*
Completed 200 OK in 1ms (Views: 0.2ms | ActiveRecord: 0.0ms | Allocations: 637)


Started GET "/api/test" for 127.0.0.1 at 2023-05-26 14:21:37 -0400
Processing by ApplicationController#test as */*
Completed 200 OK in 3ms (Views: 0.5ms | ActiveRecord: 0.0ms | Allocations: 348)


  [1m[35m (15.3ms)[0m  [1m[35mCREATE TABLE "schema_migrations" ("version" character varying NOT NULL PRIMARY KEY)[0m
  [1m[35m (8.6ms)[0m  [1m[35mCREATE TABLE "ar_internal_metadata" ("key" character varying NOT NULL PRIMARY KEY, "value" character varying, "created_at" timestamp(6) NOT NULL, "updated_at" timestamp(6) NOT NULL)[0m
  [1m[35m (0.2ms)[0m  [1m[34mSELECT pg_try_advisory_lock(3121459529482018095)[0m
  [1m[36mActiveRecord::SchemaMigration Pluck (0.5ms)[0m  [1m[34mSELECT "schema_migrations"."version" FROM "schema_migrations" ORDER BY "schema_migrations"."version" ASC[0m
Migrating to CreateUsers (20230526193934)
  [1m[36mTRANSACTION (0.1ms)[0m  [1m[35mBEGIN[0m
  [1m[35m (6.5ms)[0m  [1m[35mCREATE TABLE "users" ("id" bigserial primary key, "fname" character varying NOT NULL, "lname" character varying NOT NULL, "email" character varying NOT NULL, "zipcode" character varying NOT NULL, "password_digest" character varying, "session_token" character varying, "created_at" timestamp(6) NOT NULL, "updated_at" timestamp(6) NOT NULL)[0m
  [1m[35m (1.0ms)[0m  [1m[35mCREATE UNIQUE INDEX "index_users_on_email" ON "users" ("email")[0m
  [1m[35m (1.2ms)[0m  [1m[35mCREATE UNIQUE INDEX "index_users_on_session_token" ON "users" ("session_token")[0m
  [1m[36mActiveRecord::SchemaMigration Create (14.8ms)[0m  [1m[32mINSERT INTO "schema_migrations" ("version") VALUES ($1) RETURNING "version"[0m  [["version", "20230526193934"]]
  [1m[36mTRANSACTION (0.4ms)[0m  [1m[35mCOMMIT[0m
  [1m[36mActiveRecord::InternalMetadata Load (1.9ms)[0m  [1m[34mSELECT "ar_internal_metadata".* FROM "ar_internal_metadata" WHERE "ar_internal_metadata"."key" = $1 LIMIT $2[0m  [["key", "environment"], ["LIMIT", 1]]
  [1m[36mTRANSACTION (2.3ms)[0m  [1m[35mBEGIN[0m
  [1m[36mActiveRecord::InternalMetadata Create (7.0ms)[0m  [1m[32mINSERT INTO "ar_internal_metadata" ("key", "value", "created_at", "updated_at") VALUES ($1, $2, $3, $4) RETURNING "key"[0m  [["key", "environment"], ["value", "development"], ["created_at", "2023-05-26 19:44:03.380466"], ["updated_at", "2023-05-26 19:44:03.380466"]]
  [1m[36mTRANSACTION (0.6ms)[0m  [1m[35mCOMMIT[0m
  [1m[35m (0.7ms)[0m  [1m[34mSELECT pg_advisory_unlock(3121459529482018095)[0m
  [1m[36mActiveRecord::SchemaMigration Pluck (2.1ms)[0m  [1m[34mSELECT "schema_migrations"."version" FROM "schema_migrations" ORDER BY "schema_migrations"."version" ASC[0m
Started GET "/favicon.ico" for 127.0.0.1 at 2023-05-26 15:59:31 -0400
  [1m[36mActiveRecord::SchemaMigration Pluck (1.0ms)[0m  [1m[34mSELECT "schema_migrations"."version" FROM "schema_migrations" ORDER BY "schema_migrations"."version" ASC[0m
  
ActionController::RoutingError (No route matches [GET] "/favicon.ico"):
  
Started GET "/api/test" for 127.0.0.1 at 2023-05-26 15:59:47 -0400
Processing by ApplicationController#test as */*
Completed 200 OK in 1ms (Views: 0.1ms | ActiveRecord: 0.0ms | Allocations: 637)


  [1m[36mActiveRecord::SchemaMigration Pluck (0.8ms)[0m  [1m[34mSELECT "schema_migrations"."version" FROM "schema_migrations" ORDER BY "schema_migrations"."version" ASC[0m
  [1m[36mTRANSACTION (4.0ms)[0m  [1m[35mBEGIN[0m
  [1m[36mUser Exists? (7.6ms)[0m  [1m[34mSELECT 1 AS one FROM "users" WHERE "users"."session_token" = $1 LIMIT $2[0m  [["session_token", "[FILTERED]"], ["LIMIT", 1]]
  [1m[36mUser Exists? (0.4ms)[0m  [1m[34mSELECT 1 AS one FROM "users" WHERE "users"."email" IS NULL LIMIT $1[0m  [["LIMIT", 1]]
  [1m[36mUser Exists? (0.2ms)[0m  [1m[34mSELECT 1 AS one FROM "users" WHERE "users"."session_token" = $1 LIMIT $2[0m  [["session_token", "[FILTERED]"], ["LIMIT", 1]]
  [1m[36mTRANSACTION (4.2ms)[0m  [1m[31mROLLBACK[0m
  [1m[36mTRANSACTION (0.3ms)[0m  [1m[35mBEGIN[0m
  [1m[36mUser Exists? (0.7ms)[0m  [1m[34mSELECT 1 AS one FROM "users" WHERE "users"."session_token" = $1 LIMIT $2[0m  [["session_token", "[FILTERED]"], ["LIMIT", 1]]
  [1m[36mUser Exists? (0.2ms)[0m  [1m[34mSELECT 1 AS one FROM "users" WHERE "users"."email" = $1 LIMIT $2[0m  [["email", "test@email.com"], ["LIMIT", 1]]
  [1m[36mUser Exists? (0.2ms)[0m  [1m[34mSELECT 1 AS one FROM "users" WHERE "users"."session_token" = $1 LIMIT $2[0m  [["session_token", "[FILTERED]"], ["LIMIT", 1]]
  [1m[36mUser Create (5.3ms)[0m  [1m[32mINSERT INTO "users" ("fname", "lname", "email", "zipcode", "password_digest", "session_token", "created_at", "updated_at") VALUES ($1, $2, $3, $4, $5, $6, $7, $8) RETURNING "id"[0m  [["fname", "first"], ["lname", "last"], ["email", "test@email.com"], ["zipcode", "11220"], ["password_digest", "[FILTERED]"], ["session_token", "[FILTERED]"], ["created_at", "2023-05-28 20:19:43.751094"], ["updated_at", "2023-05-28 20:19:43.751094"]]
  [1m[36mTRANSACTION (1.0ms)[0m  [1m[35mCOMMIT[0m
Started GET "/api/test" for 127.0.0.1 at 2023-05-28 16:24:03 -0400
  [1m[36mActiveRecord::SchemaMigration Pluck (1.2ms)[0m  [1m[34mSELECT "schema_migrations"."version" FROM "schema_migrations" ORDER BY "schema_migrations"."version" ASC[0m
Processing by ApplicationController#test as */*
  [1m[36mUser Load (5.0ms)[0m  [1m[34mSELECT "users".* FROM "users" WHERE "users"."session_token" IS NULL LIMIT $1[0m  [["LIMIT", 1]]
  ↳ app/controllers/application_controller.rb:24:in `current_user'
Completed 200 OK in 18ms (Views: 0.2ms | ActiveRecord: 11.0ms | Allocations: 4827)


  [1m[36mActiveRecord::SchemaMigration Pluck (0.9ms)[0m  [1m[34mSELECT "schema_migrations"."version" FROM "schema_migrations" ORDER BY "schema_migrations"."version" ASC[0m
  [1m[36mActiveRecord::SchemaMigration Pluck (0.9ms)[0m  [1m[34mSELECT "schema_migrations"."version" FROM "schema_migrations" ORDER BY "schema_migrations"."version" ASC[0m
  [1m[36mActiveRecord::SchemaMigration Pluck (0.9ms)[0m  [1m[34mSELECT "schema_migrations"."version" FROM "schema_migrations" ORDER BY "schema_migrations"."version" ASC[0m
  [1m[36mActiveRecord::SchemaMigration Pluck (0.9ms)[0m  [1m[34mSELECT "schema_migrations"."version" FROM "schema_migrations" ORDER BY "schema_migrations"."version" ASC[0m
  [1m[36mActiveRecord::SchemaMigration Pluck (0.9ms)[0m  [1m[34mSELECT "schema_migrations"."version" FROM "schema_migrations" ORDER BY "schema_migrations"."version" ASC[0m
  [1m[36mTRANSACTION (0.1ms)[0m  [1m[35mBEGIN[0m
  [1m[36mUser Load (0.9ms)[0m  [1m[34mSELECT "users".* FROM "users"[0m
  [1m[36mUser Destroy (7.5ms)[0m  [1m[31mDELETE FROM "users" WHERE "users"."id" = $1[0m  [["id", 1]]
  [1m[36mUser Exists? (3.0ms)[0m  [1m[34mSELECT 1 AS one FROM "users" WHERE "users"."session_token" = $1 LIMIT $2[0m  [["session_token", "[FILTERED]"], ["LIMIT", 1]]
  ↳ app/models/user.rb:50:in `generate_unique_session_token'
  [1m[36mUser Exists? (0.3ms)[0m  [1m[34mSELECT 1 AS one FROM "users" WHERE "users"."email" = $1 LIMIT $2[0m  [["email", "demo@user.io"], ["LIMIT", 1]]
  [1m[36mCACHE User Exists? (0.0ms)[0m  [1m[34mSELECT 1 AS one FROM "users" WHERE "users"."session_token" = $1 LIMIT $2[0m  [["session_token", "[FILTERED]"], ["LIMIT", 1]]
  [1m[36mUser Create (0.6ms)[0m  [1m[32mINSERT INTO "users" ("fname", "lname", "email", "zipcode", "password_digest", "session_token", "created_at", "updated_at") VALUES ($1, $2, $3, $4, $5, $6, $7, $8) RETURNING "id"[0m  [["fname", "Demo"], ["lname", "Lition"], ["email", "demo@user.io"], ["zipcode", "9000"], ["password_digest", "[FILTERED]"], ["session_token", "[FILTERED]"], ["created_at", "2023-05-28 20:28:01.119480"], ["updated_at", "2023-05-28 20:28:01.119480"]]
  [1m[36mTRANSACTION (1.7ms)[0m  [1m[35mCOMMIT[0m
Started POST "/api/test" for 127.0.0.1 at 2023-05-28 16:31:50 -0400
Processing by ApplicationController#test as */*
Can't verify CSRF token authenticity.
Completed 422 Unprocessable Entity in 0ms (Allocations: 677)



ActionController::InvalidAuthenticityToken - Can't verify CSRF token authenticity.:

Started GET "/" for ::1 at 2023-05-28 16:32:50 -0400
Processing by Rails::WelcomeController#index as HTML
  Rendering /Users/michelezhang/.rbenv/versions/3.1.1/lib/ruby/gems/3.1.0/gems/railties-7.0.5/lib/rails/templates/rails/welcome/index.html.erb
  Rendered /Users/michelezhang/.rbenv/versions/3.1.1/lib/ruby/gems/3.1.0/gems/railties-7.0.5/lib/rails/templates/rails/welcome/index.html.erb (Duration: 1.0ms | Allocations: 469)
Completed 200 OK in 142ms (Views: 3.1ms | Allocations: 279560)


Started POST "/api/test" for ::1 at 2023-05-28 16:33:01 -0400
Processing by ApplicationController#test as */*
Can't verify CSRF token authenticity.
Completed 422 Unprocessable Entity in 1ms (Allocations: 637)



ActionController::InvalidAuthenticityToken - Can't verify CSRF token authenticity.:

Started POST "/api/test" for ::1 at 2023-05-28 16:34:21 -0400
  
ActionController::RoutingError (No route matches [POST] "/api/test"):
  
Started POST "/api/test" for ::1 at 2023-05-28 16:34:35 -0400
Processing by ApplicationController#test as */*
Can't verify CSRF token authenticity.
Completed 422 Unprocessable Entity in 0ms (Allocations: 634)



ActionController::InvalidAuthenticityToken - Can't verify CSRF token authenticity.:

Started POST "/api/test?login" for ::1 at 2023-05-28 16:35:31 -0400
Processing by ApplicationController#test as */*
  Parameters: {"login"=>nil}
Can't verify CSRF token authenticity.
Completed 422 Unprocessable Entity in 1ms (Allocations: 573)



ActionController::InvalidAuthenticityToken - Can't verify CSRF token authenticity.:

Started GET "/api/test" for ::1 at 2023-05-28 16:38:45 -0400
  
ActionController::RoutingError (No route matches [GET] "/api/test"):
  
Started GET "/api/test" for 127.0.0.1 at 2023-05-28 16:39:03 -0400
  
ActionController::RoutingError (No route matches [GET] "/api/test"):
  
Started GET "/api/test" for 127.0.0.1 at 2023-05-28 16:39:25 -0400
  
ActionController::RoutingError (No route matches [GET] "/api/test"):
  
Started GET "/api/test" for 127.0.0.1 at 2023-05-28 16:45:51 -0400
Processing by ApplicationController#test as */*
  [1m[36mUser Load (0.7ms)[0m  [1m[34mSELECT "users".* FROM "users" WHERE "users"."session_token" IS NULL LIMIT $1[0m  [["LIMIT", 1]]
  ↳ app/controllers/application_controller.rb:24:in `current_user'
Completed 200 OK in 27ms (Views: 0.3ms | ActiveRecord: 11.0ms | Allocations: 5692)


Started GET "/api/session" for 127.0.0.1 at 2023-05-28 16:46:26 -0400
Processing by Api::SessionsController#show as JSON
  [1m[36mUser Load (0.5ms)[0m  [1m[34mSELECT "users".* FROM "users" WHERE "users"."session_token" IS NULL LIMIT $1[0m  [["LIMIT", 1]]
  ↳ app/controllers/application_controller.rb:24:in `current_user'
Completed 200 OK in 3ms (Views: 0.2ms | ActiveRecord: 0.5ms | Allocations: 1328)


Started GET "/api/session" for 127.0.0.1 at 2023-05-28 16:46:37 -0400
Processing by Api::SessionsController#show as JSON
  [1m[36mUser Load (0.3ms)[0m  [1m[34mSELECT "users".* FROM "users" WHERE "users"."session_token" IS NULL LIMIT $1[0m  [["LIMIT", 1]]
  ↳ app/controllers/application_controller.rb:24:in `current_user'
Completed 200 OK in 3ms (Views: 0.2ms | ActiveRecord: 0.3ms | Allocations: 935)


Started GET "/api/session" for 127.0.0.1 at 2023-05-28 18:14:58 -0400
Processing by Api::SessionsController#show as JSON
  [1m[36mUser Load (1.0ms)[0m  [1m[34mSELECT "users".* FROM "users" WHERE "users"."session_token" IS NULL LIMIT $1[0m  [["LIMIT", 1]]
  ↳ app/controllers/application_controller.rb:24:in `current_user'
Completed 200 OK in 73ms (Views: 0.9ms | ActiveRecord: 29.1ms | Allocations: 3911)


Started GET "/api/session" for 127.0.0.1 at 2023-05-28 18:27:25 -0400
Processing by Api::SessionsController#show as JSON
  [1m[36mUser Load (1.1ms)[0m  [1m[34mSELECT "users".* FROM "users" WHERE "users"."session_token" IS NULL LIMIT $1[0m  [["LIMIT", 1]]
  ↳ app/controllers/application_controller.rb:24:in `current_user'
Completed 200 OK in 110ms (Views: 0.8ms | ActiveRecord: 44.9ms | Allocations: 3750)


Started GET "/api/session" for 127.0.0.1 at 2023-05-28 18:27:54 -0400
Processing by Api::SessionsController#show as JSON
  [1m[36mUser Load (2.5ms)[0m  [1m[34mSELECT "users".* FROM "users" WHERE "users"."session_token" IS NULL LIMIT $1[0m  [["LIMIT", 1]]
  ↳ app/controllers/application_controller.rb:24:in `current_user'
Completed 200 OK in 20ms (Views: 0.4ms | ActiveRecord: 2.5ms | Allocations: 927)


Started GET "/api/session" for 127.0.0.1 at 2023-05-28 18:28:08 -0400
Processing by Api::SessionsController#show as JSON
  [1m[36mUser Load (2.7ms)[0m  [1m[34mSELECT "users".* FROM "users" WHERE "users"."session_token" IS NULL LIMIT $1[0m  [["LIMIT", 1]]
  ↳ app/controllers/application_controller.rb:24:in `current_user'
Completed 200 OK in 16ms (Views: 0.7ms | ActiveRecord: 2.7ms | Allocations: 930)


  [1m[36mUser Load (3.5ms)[0m  [1m[34mSELECT "users".* FROM "users" ORDER BY "users"."id" ASC LIMIT $1[0m  [["LIMIT", 1]]
  [1m[36mUser Exists? (4.5ms)[0m  [1m[34mSELECT 1 AS one FROM "users" WHERE "users"."session_token" = $1 LIMIT $2[0m  [["session_token", "[FILTERED]"], ["LIMIT", 1]]
  [1m[36mTRANSACTION (3.8ms)[0m  [1m[35mBEGIN[0m
  [1m[36mUser Exists? (0.5ms)[0m  [1m[34mSELECT 1 AS one FROM "users" WHERE "users"."email" = $1 AND "users"."id" != $2 LIMIT $3[0m  [["email", "demo@user.io"], ["id", 1], ["LIMIT", 1]]
  [1m[36mUser Exists? (0.2ms)[0m  [1m[34mSELECT 1 AS one FROM "users" WHERE "users"."session_token" = $1 AND "users"."id" != $2 LIMIT $3[0m  [["session_token", "[FILTERED]"], ["id", 1], ["LIMIT", 1]]
  [1m[36mUser Update (2.0ms)[0m  [1m[33mUPDATE "users" SET "session_token" = $1, "updated_at" = $2 WHERE "users"."id" = $3[0m  [["session_token", "[FILTERED]"], ["updated_at", "2023-05-28 23:50:56.976063"], ["id", 1]]
  [1m[36mTRANSACTION (0.5ms)[0m  [1m[35mCOMMIT[0m
Started POST "/api/test" for 127.0.0.1 at 2023-05-28 19:54:06 -0400
Processing by ApplicationController#test as */*
Can't verify CSRF token authenticity.
Completed 422 Unprocessable Entity in 0ms (Allocations: 635)



ActionController::InvalidAuthenticityToken - Can't verify CSRF token authenticity.:

Started GET "/" for ::1 at 2023-05-28 19:54:16 -0400
Processing by Rails::WelcomeController#index as HTML
  Rendering /Users/michelezhang/.rbenv/versions/3.1.1/lib/ruby/gems/3.1.0/gems/railties-7.0.5/lib/rails/templates/rails/welcome/index.html.erb
  Rendered /Users/michelezhang/.rbenv/versions/3.1.1/lib/ruby/gems/3.1.0/gems/railties-7.0.5/lib/rails/templates/rails/welcome/index.html.erb (Duration: 6.3ms | Allocations: 283)
Completed 200 OK in 14ms (Views: 7.8ms | Allocations: 1165)


Started POST "/api/test" for ::1 at 2023-05-28 19:54:20 -0400
Processing by ApplicationController#test as */*
Can't verify CSRF token authenticity.
Completed 422 Unprocessable Entity in 1ms (Allocations: 584)



ActionController::InvalidAuthenticityToken - Can't verify CSRF token authenticity.:

Started GET "/" for ::1 at 2023-05-28 19:54:29 -0400
Processing by Rails::WelcomeController#index as HTML
  Rendering /Users/michelezhang/.rbenv/versions/3.1.1/lib/ruby/gems/3.1.0/gems/railties-7.0.5/lib/rails/templates/rails/welcome/index.html.erb
  Rendered /Users/michelezhang/.rbenv/versions/3.1.1/lib/ruby/gems/3.1.0/gems/railties-7.0.5/lib/rails/templates/rails/welcome/index.html.erb (Duration: 0.1ms | Allocations: 16)
Completed 200 OK in 2ms (Views: 0.7ms | Allocations: 225)


Started GET "/api/session" for 127.0.0.1 at 2023-05-28 19:55:22 -0400
Processing by Api::SessionsController#show as JSON
  [1m[36mUser Load (0.5ms)[0m  [1m[34mSELECT "users".* FROM "users" WHERE "users"."session_token" IS NULL LIMIT $1[0m  [["LIMIT", 1]]
  ↳ app/controllers/application_controller.rb:24:in `current_user'
Completed 200 OK in 58ms (Views: 0.3ms | ActiveRecord: 20.1ms | Allocations: 5641)


Started POST "/api/test" for 127.0.0.1 at 2023-05-28 19:58:29 -0400
Processing by ApplicationController#test as */*
Can't verify CSRF token authenticity.
Completed 422 Unprocessable Entity in 0ms (ActiveRecord: 0.0ms | Allocations: 638)



ActionController::InvalidAuthenticityToken - Can't verify CSRF token authenticity.:

Started POST "/api/test" for ::1 at 2023-05-28 19:58:33 -0400
Processing by ApplicationController#test as */*
Can't verify CSRF token authenticity.
Completed 422 Unprocessable Entity in 1ms (ActiveRecord: 0.0ms | Allocations: 570)



ActionController::InvalidAuthenticityToken - Can't verify CSRF token authenticity.:

Started POST "/api/test" for 127.0.0.1 at 2023-05-28 20:01:30 -0400
  
ActionController::RoutingError (No route matches [POST] "/api/test"):
  
Started GET "/api/test" for 127.0.0.1 at 2023-05-28 20:01:40 -0400
Processing by ApplicationController#test as */*
  [1m[36mUser Load (6.7ms)[0m  [1m[34mSELECT "users".* FROM "users" WHERE "users"."session_token" IS NULL LIMIT $1[0m  [["LIMIT", 1]]
  ↳ app/controllers/application_controller.rb:24:in `current_user'
Completed 200 OK in 54ms (Views: 0.3ms | ActiveRecord: 40.4ms | Allocations: 2989)


Started GET "/api/test?login" for 127.0.0.1 at 2023-05-28 20:02:06 -0400
Processing by ApplicationController#test as */*
  Parameters: {"login"=>nil}
  [1m[36mUser Load (6.8ms)[0m  [1m[34mSELECT "users".* FROM "users" ORDER BY "users"."id" ASC LIMIT $1[0m  [["LIMIT", 1]]
  ↳ app/controllers/application_controller.rb:11:in `test'
Completed 500 Internal Server Error in 45ms (ActiveRecord: 17.7ms | Allocations: 9103)



NoMethodError - undefined method `login!' for #<ApplicationController:0x00000000028140>
          login!(User.first)
          ^^^^^^
Did you mean?  login:
  app/controllers/application_controller.rb:11:in `test'

Started GET "/api/test?login" for 127.0.0.1 at 2023-05-28 20:02:18 -0400
  
ActionController::RoutingError (No route matches [GET] "/api/test"):
  
Started GET "/api/test?login" for 127.0.0.1 at 2023-05-28 20:02:19 -0400
  
ActionController::RoutingError (No route matches [GET] "/api/test"):
  
Started GET "/api/test" for 127.0.0.1 at 2023-05-28 20:02:23 -0400
  
ActionController::RoutingError (No route matches [GET] "/api/test"):
  
Started GET "/api/session" for 127.0.0.1 at 2023-05-28 20:04:02 -0400
Processing by Api::SessionsController#show as JSON
  [1m[36mUser Load (0.3ms)[0m  [1m[34mSELECT "users".* FROM "users" WHERE "users"."session_token" IS NULL LIMIT $1[0m  [["LIMIT", 1]]
  ↳ app/controllers/application_controller.rb:24:in `current_user'
Completed 200 OK in 12ms (Views: 0.2ms | ActiveRecord: 2.0ms | Allocations: 2979)


Started POST "/api/session" for 127.0.0.1 at 2023-05-28 20:04:59 -0400
Processing by Api::SessionsController#create as JSON
  Parameters: {"credential"=>"Demo-lition", "password"=>"[FILTERED]", "session"=>{"credential"=>"Demo-lition", "password"=>"[FILTERED]"}}
Can't verify CSRF token authenticity.
Completed 422 Unprocessable Entity in 1ms (ActiveRecord: 0.0ms | Allocations: 553)



ActionController::InvalidAuthenticityToken - Can't verify CSRF token authenticity.:

Started GET "/api/session" for 127.0.0.1 at 2023-05-28 20:05:09 -0400
Processing by Api::SessionsController#show as JSON
  [1m[36mUser Load (0.6ms)[0m  [1m[34mSELECT "users".* FROM "users" WHERE "users"."session_token" IS NULL LIMIT $1[0m  [["LIMIT", 1]]
  ↳ app/controllers/application_controller.rb:24:in `current_user'
Completed 200 OK in 6ms (Views: 0.2ms | ActiveRecord: 0.6ms | Allocations: 960)


Started POST "/api/session" for 127.0.0.1 at 2023-05-28 20:05:19 -0400
Processing by Api::SessionsController#create as JSON
  Parameters: {"credential"=>"Demo-lition", "password"=>"[FILTERED]", "session"=>{"credential"=>"Demo-lition", "password"=>"[FILTERED]"}}
Can't verify CSRF token authenticity.
Completed 422 Unprocessable Entity in 1ms (ActiveRecord: 0.0ms | Allocations: 570)



ActionController::InvalidAuthenticityToken - Can't verify CSRF token authenticity.:

Started DELETE "/api/session" for 127.0.0.1 at 2023-05-28 20:05:29 -0400
Processing by Api::SessionsController#destroy as JSON
Can't verify CSRF token authenticity.
Completed 422 Unprocessable Entity in 1ms (ActiveRecord: 0.0ms | Allocations: 570)



ActionController::InvalidAuthenticityToken - Can't verify CSRF token authenticity.:

Started GET "/api/session" for 127.0.0.1 at 2023-05-28 20:05:36 -0400
Processing by Api::SessionsController#show as JSON
  [1m[36mUser Load (0.4ms)[0m  [1m[34mSELECT "users".* FROM "users" WHERE "users"."session_token" IS NULL LIMIT $1[0m  [["LIMIT", 1]]
  ↳ app/controllers/application_controller.rb:24:in `current_user'
Completed 200 OK in 3ms (Views: 0.2ms | ActiveRecord: 0.4ms | Allocations: 921)


Started GET "/api/session" for 127.0.0.1 at 2023-05-28 20:15:00 -0400
  [1m[36mActiveRecord::SchemaMigration Pluck (2.4ms)[0m  [1m[34mSELECT "schema_migrations"."version" FROM "schema_migrations" ORDER BY "schema_migrations"."version" ASC[0m
Processing by Api::SessionsController#show as JSON
  [1m[36mUser Load (1.1ms)[0m  [1m[34mSELECT "users".* FROM "users" WHERE "users"."session_token" IS NULL LIMIT $1[0m  [["LIMIT", 1]]
  ↳ app/controllers/application_controller.rb:23:in `current_user'
Completed 200 OK in 15ms (Views: 5.5ms | ActiveRecord: 2.5ms | Allocations: 4924)


  [1m[36mTRANSACTION (0.2ms)[0m  [1m[35mBEGIN[0m
  [1m[36mUser Exists? (1.1ms)[0m  [1m[34mSELECT 1 AS one FROM "users" WHERE "users"."session_token" = $1 LIMIT $2[0m  [["session_token", "[FILTERED]"], ["LIMIT", 1]]
  [1m[36mUser Exists? (0.2ms)[0m  [1m[34mSELECT 1 AS one FROM "users" WHERE "users"."email" = $1 LIMIT $2[0m  [["email", "email@email.com"], ["LIMIT", 1]]
  [1m[36mUser Exists? (0.2ms)[0m  [1m[34mSELECT 1 AS one FROM "users" WHERE "users"."session_token" = $1 LIMIT $2[0m  [["session_token", "[FILTERED]"], ["LIMIT", 1]]
  [1m[36mTRANSACTION (0.3ms)[0m  [1m[31mROLLBACK[0m
  [1m[36mTRANSACTION (0.2ms)[0m  [1m[35mBEGIN[0m
  [1m[36mUser Exists? (0.6ms)[0m  [1m[34mSELECT 1 AS one FROM "users" WHERE "users"."session_token" = $1 LIMIT $2[0m  [["session_token", "[FILTERED]"], ["LIMIT", 1]]
  [1m[36mUser Exists? (0.2ms)[0m  [1m[34mSELECT 1 AS one FROM "users" WHERE "users"."email" = $1 LIMIT $2[0m  [["email", "email@email.com"], ["LIMIT", 1]]
  [1m[36mUser Exists? (0.2ms)[0m  [1m[34mSELECT 1 AS one FROM "users" WHERE "users"."session_token" = $1 LIMIT $2[0m  [["session_token", "[FILTERED]"], ["LIMIT", 1]]
  [1m[36mUser Create (1.7ms)[0m  [1m[32mINSERT INTO "users" ("fname", "lname", "email", "zipcode", "password_digest", "session_token", "created_at", "updated_at") VALUES ($1, $2, $3, $4, $5, $6, $7, $8) RETURNING "id"[0m  [["fname", "first"], ["lname", "last"], ["email", "email@email.com"], ["zipcode", "11220"], ["password_digest", "[FILTERED]"], ["session_token", "[FILTERED]"], ["created_at", "2023-05-29 00:17:41.865942"], ["updated_at", "2023-05-29 00:17:41.865942"]]
  [1m[36mTRANSACTION (0.6ms)[0m  [1m[35mCOMMIT[0m
Started GET "/api/session" for 127.0.0.1 at 2023-05-28 20:18:36 -0400
Processing by Api::SessionsController#show as JSON
  [1m[36mUser Load (0.5ms)[0m  [1m[34mSELECT "users".* FROM "users" WHERE "users"."session_token" IS NULL LIMIT $1[0m  [["LIMIT", 1]]
  ↳ app/controllers/application_controller.rb:23:in `current_user'
Completed 200 OK in 12ms (Views: 0.1ms | ActiveRecord: 0.5ms | Allocations: 1032)


Started GET "/api/session" for 127.0.0.1 at 2023-05-28 20:20:58 -0400
Processing by Api::SessionsController#show as JSON
  [1m[36mUser Load (0.6ms)[0m  [1m[34mSELECT "users".* FROM "users" WHERE "users"."session_token" IS NULL LIMIT $1[0m  [["LIMIT", 1]]
  ↳ app/controllers/application_controller.rb:23:in `current_user'
Completed 200 OK in 8ms (Views: 0.2ms | ActiveRecord: 0.6ms | Allocations: 989)


Started POST "/api/test" for 127.0.0.1 at 2023-05-28 20:21:20 -0400
Processing by ApplicationController#test as */*
  [1m[36mUser Load (0.4ms)[0m  [1m[34mSELECT "users".* FROM "users" WHERE "users"."session_token" IS NULL LIMIT $1[0m  [["LIMIT", 1]]
  ↳ app/controllers/application_controller.rb:23:in `current_user'
Completed 200 OK in 9ms (Views: 0.3ms | ActiveRecord: 0.4ms | Allocations: 1142)


Started POST "/api/test" for 127.0.0.1 at 2023-05-28 20:21:26 -0400
Processing by ApplicationController#test as */*
Can't verify CSRF token authenticity.
Completed 422 Unprocessable Entity in 1ms (ActiveRecord: 0.0ms | Allocations: 631)



ActionController::InvalidAuthenticityToken - Can't verify CSRF token authenticity.:

Started POST "/api/test?login" for 127.0.0.1 at 2023-05-28 20:21:48 -0400
Processing by ApplicationController#test as */*
  Parameters: {"login"=>nil}
  [1m[36mUser Load (0.4ms)[0m  [1m[34mSELECT "users".* FROM "users" ORDER BY "users"."id" ASC LIMIT $1[0m  [["LIMIT", 1]]
  ↳ app/controllers/application_controller.rb:10:in `test'
Completed 500 Internal Server Error in 40ms (ActiveRecord: 5.1ms | Allocations: 11981)



NoMethodError - undefined method `login!' for #<ApplicationController:0x00000000009470>
          login!(User.first)
          ^^^^^^
Did you mean?  login:
  app/controllers/application_controller.rb:10:in `test'

Started POST "/api/test" for 127.0.0.1 at 2023-05-28 20:29:39 -0400
Processing by ApplicationController#test as */*
Can't verify CSRF token authenticity.
Completed 422 Unprocessable Entity in 1ms (Views: 0.2ms | Allocations: 762)


  [1m[36mUser Load (1.6ms)[0m  [1m[34mSELECT "users".* FROM "users" ORDER BY "users"."id" ASC LIMIT $1[0m  [["LIMIT", 1]]
  [1m[36mActiveRecord::SchemaMigration Pluck (5.6ms)[0m  [1m[34mSELECT "schema_migrations"."version" FROM "schema_migrations" ORDER BY "schema_migrations"."version" ASC[0m
  [1m[35m (0.2ms)[0m  [1m[34mSELECT pg_try_advisory_lock(3121459529482018095)[0m
  [1m[36mActiveRecord::SchemaMigration Pluck (0.9ms)[0m  [1m[34mSELECT "schema_migrations"."version" FROM "schema_migrations" ORDER BY "schema_migrations"."version" ASC[0m
  [1m[36mActiveRecord::InternalMetadata Load (13.9ms)[0m  [1m[34mSELECT "ar_internal_metadata".* FROM "ar_internal_metadata" WHERE "ar_internal_metadata"."key" = $1 LIMIT $2[0m  [["key", "environment"], ["LIMIT", 1]]
  [1m[35m (0.2ms)[0m  [1m[34mSELECT pg_advisory_unlock(3121459529482018095)[0m
  [1m[36mActiveRecord::SchemaMigration Pluck (0.6ms)[0m  [1m[34mSELECT "schema_migrations"."version" FROM "schema_migrations" ORDER BY "schema_migrations"."version" ASC[0m
  [1m[35m (0.2ms)[0m  [1m[34mSELECT pg_try_advisory_lock(3121459529482018095)[0m
  [1m[36mActiveRecord::SchemaMigration Pluck (1.0ms)[0m  [1m[34mSELECT "schema_migrations"."version" FROM "schema_migrations" ORDER BY "schema_migrations"."version" ASC[0m
Migrating to UpdateUsers (20230529211845)
  [1m[36mTRANSACTION (0.1ms)[0m  [1m[35mBEGIN[0m
  [1m[35m (10.6ms)[0m  [1m[35mALTER TABLE "users" DROP COLUMN "password_digest"[0m
  [1m[35m (1.5ms)[0m  [1m[35mALTER TABLE "users" DROP COLUMN "session_token"[0m
  [1m[35m (1.7ms)[0m  [1m[35mALTER TABLE "users" ADD "password_digest" character varying NOT NULL[0m
  [1m[36mTRANSACTION (0.1ms)[0m  [1m[31mROLLBACK[0m
  [1m[35m (0.2ms)[0m  [1m[34mSELECT pg_advisory_unlock(3121459529482018095)[0m
  [1m[36mActiveRecord::SchemaMigration Pluck (1.0ms)[0m  [1m[34mSELECT "schema_migrations"."version" FROM "schema_migrations" ORDER BY "schema_migrations"."version" ASC[0m
  [1m[36mActiveRecord::InternalMetadata Pluck (0.5ms)[0m  [1m[34mSELECT "ar_internal_metadata"."value" FROM "ar_internal_metadata" WHERE "ar_internal_metadata"."key" = $1 LIMIT $2[0m  [["key", "environment"], ["LIMIT", 1]]
  [1m[36mActiveRecord::SchemaMigration Pluck (0.2ms)[0m  [1m[34mSELECT "schema_migrations"."version" FROM "schema_migrations" ORDER BY "schema_migrations"."version" ASC[0m
  [1m[36mActiveRecord::InternalMetadata Pluck (0.1ms)[0m  [1m[34mSELECT "ar_internal_metadata"."value" FROM "ar_internal_metadata" WHERE "ar_internal_metadata"."key" = $1 LIMIT $2[0m  [["key", "environment"], ["LIMIT", 1]]
  [1m[36mActiveRecord::SchemaMigration Pluck (0.2ms)[0m  [1m[34mSELECT "schema_migrations"."version" FROM "schema_migrations" ORDER BY "schema_migrations"."version" ASC[0m
  [1m[36mActiveRecord::InternalMetadata Pluck (0.1ms)[0m  [1m[34mSELECT "ar_internal_metadata"."value" FROM "ar_internal_metadata" WHERE "ar_internal_metadata"."key" = $1 LIMIT $2[0m  [["key", "environment"], ["LIMIT", 1]]
  [1m[35m (71.3ms)[0m  [1m[35mDROP DATABASE IF EXISTS "peepoHungry_development"[0m
  [1m[35m (35.4ms)[0m  [1m[35mDROP DATABASE IF EXISTS "peepoHungry_test"[0m
  [1m[35m (469.7ms)[0m  [1m[35mCREATE DATABASE "peepoHungry_development" ENCODING = 'unicode'[0m
  [1m[35m (108.8ms)[0m  [1m[35mCREATE DATABASE "peepoHungry_test" ENCODING = 'unicode'[0m
  [1m[35m (10.6ms)[0m  [1m[35mCREATE TABLE "schema_migrations" ("version" character varying NOT NULL PRIMARY KEY)[0m
  [1m[35m (5.2ms)[0m  [1m[35mCREATE TABLE "ar_internal_metadata" ("key" character varying NOT NULL PRIMARY KEY, "value" character varying, "created_at" timestamp(6) NOT NULL, "updated_at" timestamp(6) NOT NULL)[0m
  [1m[35m (0.1ms)[0m  [1m[34mSELECT pg_try_advisory_lock(3121459529482018095)[0m
  [1m[36mActiveRecord::SchemaMigration Pluck (0.5ms)[0m  [1m[34mSELECT "schema_migrations"."version" FROM "schema_migrations" ORDER BY "schema_migrations"."version" ASC[0m
Migrating to CreateUsers (20230526193934)
  [1m[36mTRANSACTION (0.1ms)[0m  [1m[35mBEGIN[0m
  [1m[35m (3.6ms)[0m  [1m[35mCREATE TABLE "users" ("id" bigserial primary key, "fname" character varying NOT NULL, "lname" character varying NOT NULL, "email" character varying NOT NULL, "zipcode" character varying NOT NULL, "password_digest" character varying, "session_token" character varying, "created_at" timestamp(6) NOT NULL, "updated_at" timestamp(6) NOT NULL)[0m
  [1m[35m (0.7ms)[0m  [1m[35mCREATE UNIQUE INDEX "index_users_on_email" ON "users" ("email")[0m
  [1m[35m (0.6ms)[0m  [1m[35mCREATE UNIQUE INDEX "index_users_on_session_token" ON "users" ("session_token")[0m
  [1m[36mActiveRecord::SchemaMigration Create (4.1ms)[0m  [1m[32mINSERT INTO "schema_migrations" ("version") VALUES ($1) RETURNING "version"[0m  [["version", "20230526193934"]]
  [1m[36mTRANSACTION (0.2ms)[0m  [1m[35mCOMMIT[0m
Migrating to UpdateUsers (20230529211845)
  [1m[36mTRANSACTION (0.2ms)[0m  [1m[35mBEGIN[0m
  [1m[35m (0.4ms)[0m  [1m[35mALTER TABLE "users" DROP COLUMN "password_digest"[0m
  [1m[35m (0.3ms)[0m  [1m[35mALTER TABLE "users" DROP COLUMN "session_token"[0m
  [1m[35m (0.2ms)[0m  [1m[35mALTER TABLE "users" ADD "password_digest" character varying NOT NULL[0m
  [1m[35m (0.2ms)[0m  [1m[35mALTER TABLE "users" ADD "session_token" character varying NOT NULL[0m
  [1m[36mActiveRecord::SchemaMigration Create (2.4ms)[0m  [1m[32mINSERT INTO "schema_migrations" ("version") VALUES ($1) RETURNING "version"[0m  [["version", "20230529211845"]]
  [1m[36mTRANSACTION (0.7ms)[0m  [1m[35mCOMMIT[0m
  [1m[36mActiveRecord::InternalMetadata Load (0.5ms)[0m  [1m[34mSELECT "ar_internal_metadata".* FROM "ar_internal_metadata" WHERE "ar_internal_metadata"."key" = $1 LIMIT $2[0m  [["key", "environment"], ["LIMIT", 1]]
  [1m[36mTRANSACTION (0.1ms)[0m  [1m[35mBEGIN[0m
  [1m[36mActiveRecord::InternalMetadata Create (1.2ms)[0m  [1m[32mINSERT INTO "ar_internal_metadata" ("key", "value", "created_at", "updated_at") VALUES ($1, $2, $3, $4) RETURNING "key"[0m  [["key", "environment"], ["value", "development"], ["created_at", "2023-05-29 21:21:55.826257"], ["updated_at", "2023-05-29 21:21:55.826257"]]
  [1m[36mTRANSACTION (0.2ms)[0m  [1m[35mCOMMIT[0m
  [1m[35m (0.2ms)[0m  [1m[34mSELECT pg_advisory_unlock(3121459529482018095)[0m
  [1m[36mActiveRecord::SchemaMigration Pluck (0.7ms)[0m  [1m[34mSELECT "schema_migrations"."version" FROM "schema_migrations" ORDER BY "schema_migrations"."version" ASC[0m
  [1m[35m (1.2ms)[0m  [1m[35mCREATE DATABASE "peepoHungry_development" ENCODING = 'unicode'[0m
  [1m[35m (0.4ms)[0m  [1m[35mCREATE DATABASE "peepoHungry_test" ENCODING = 'unicode'[0m
  [1m[36mActiveRecord::SchemaMigration Pluck (1.5ms)[0m  [1m[34mSELECT "schema_migrations"."version" FROM "schema_migrations" ORDER BY "schema_migrations"."version" ASC[0m
  [1m[36mActiveRecord::InternalMetadata Pluck (0.4ms)[0m  [1m[34mSELECT "ar_internal_metadata"."value" FROM "ar_internal_metadata" WHERE "ar_internal_metadata"."key" = $1 LIMIT $2[0m  [["key", "environment"], ["LIMIT", 1]]
  [1m[36mActiveRecord::SchemaMigration Pluck (0.1ms)[0m  [1m[34mSELECT "schema_migrations"."version" FROM "schema_migrations" ORDER BY "schema_migrations"."version" ASC[0m
  [1m[36mActiveRecord::InternalMetadata Pluck (0.1ms)[0m  [1m[34mSELECT "ar_internal_metadata"."value" FROM "ar_internal_metadata" WHERE "ar_internal_metadata"."key" = $1 LIMIT $2[0m  [["key", "environment"], ["LIMIT", 1]]
  [1m[36mActiveRecord::SchemaMigration Pluck (0.1ms)[0m  [1m[34mSELECT "schema_migrations"."version" FROM "schema_migrations" ORDER BY "schema_migrations"."version" ASC[0m
  [1m[36mActiveRecord::InternalMetadata Pluck (0.1ms)[0m  [1m[34mSELECT "ar_internal_metadata"."value" FROM "ar_internal_metadata" WHERE "ar_internal_metadata"."key" = $1 LIMIT $2[0m  [["key", "environment"], ["LIMIT", 1]]
  [1m[35mSQL (2.8ms)[0m  [1m[35mCREATE EXTENSION IF NOT EXISTS "plpgsql"[0m
  [1m[35m (4.1ms)[0m  [1m[35mDROP TABLE IF EXISTS "users" CASCADE[0m
  [1m[35m (5.3ms)[0m  [1m[35mCREATE TABLE "users" ("id" bigserial primary key, "fname" character varying NOT NULL, "lname" character varying NOT NULL, "email" character varying NOT NULL, "zipcode" character varying NOT NULL, "created_at" timestamp(6) NOT NULL, "updated_at" timestamp(6) NOT NULL, "password_digest" character varying NOT NULL, "session_token" character varying NOT NULL)[0m
  [1m[35m (1.4ms)[0m  [1m[35mCREATE UNIQUE INDEX "index_users_on_email" ON "users" ("email")[0m
  [1m[36mActiveRecord::SchemaMigration Pluck (0.6ms)[0m  [1m[34mSELECT "schema_migrations"."version" FROM "schema_migrations" ORDER BY "schema_migrations"."version" ASC[0m
  [1m[36mActiveRecord::InternalMetadata Load (0.3ms)[0m  [1m[34mSELECT "ar_internal_metadata".* FROM "ar_internal_metadata" WHERE "ar_internal_metadata"."key" = $1 LIMIT $2[0m  [["key", "environment"], ["LIMIT", 1]]
  [1m[36mActiveRecord::InternalMetadata Load (0.1ms)[0m  [1m[34mSELECT "ar_internal_metadata".* FROM "ar_internal_metadata" WHERE "ar_internal_metadata"."key" = $1 LIMIT $2[0m  [["key", "environment"], ["LIMIT", 1]]
  [1m[36mActiveRecord::InternalMetadata Load (0.1ms)[0m  [1m[34mSELECT "ar_internal_metadata".* FROM "ar_internal_metadata" WHERE "ar_internal_metadata"."key" = $1 LIMIT $2[0m  [["key", "schema_sha1"], ["LIMIT", 1]]
  [1m[36mTRANSACTION (0.1ms)[0m  [1m[35mBEGIN[0m
  [1m[36mActiveRecord::InternalMetadata Create (0.3ms)[0m  [1m[32mINSERT INTO "ar_internal_metadata" ("key", "value", "created_at", "updated_at") VALUES ($1, $2, $3, $4) RETURNING "key"[0m  [["key", "schema_sha1"], ["value", "bb403d1262cf10b1af60bae010f51cfd1c33dbf4"], ["created_at", "2023-05-29 21:22:07.352151"], ["updated_at", "2023-05-29 21:22:07.352151"]]
  [1m[36mTRANSACTION (0.2ms)[0m  [1m[35mCOMMIT[0m
  [1m[35mSQL (0.2ms)[0m  [1m[35mCREATE EXTENSION IF NOT EXISTS "plpgsql"[0m
  [1m[35m (0.1ms)[0m  [1m[35mDROP TABLE IF EXISTS "users" CASCADE[0m
  [1m[35m (6.1ms)[0m  [1m[35mCREATE TABLE "users" ("id" bigserial primary key, "fname" character varying NOT NULL, "lname" character varying NOT NULL, "email" character varying NOT NULL, "zipcode" character varying NOT NULL, "created_at" timestamp(6) NOT NULL, "updated_at" timestamp(6) NOT NULL, "password_digest" character varying NOT NULL, "session_token" character varying NOT NULL)[0m
  [1m[35m (0.9ms)[0m  [1m[35mCREATE UNIQUE INDEX "index_users_on_email" ON "users" ("email")[0m
  [1m[35m (6.9ms)[0m  [1m[35mCREATE TABLE "schema_migrations" ("version" character varying NOT NULL PRIMARY KEY)[0m
  [1m[36mActiveRecord::SchemaMigration Pluck (0.6ms)[0m  [1m[34mSELECT "schema_migrations"."version" FROM "schema_migrations" ORDER BY "schema_migrations"."version" ASC[0m
  [1m[35m (0.6ms)[0m  [1m[32mINSERT INTO "schema_migrations" (version) VALUES (20230529211845)[0m
  [1m[35m (0.4ms)[0m  [1m[32mINSERT INTO "schema_migrations" (version) VALUES
(20230526193934);

[0m
  [1m[35m (3.1ms)[0m  [1m[35mCREATE TABLE "ar_internal_metadata" ("key" character varying NOT NULL PRIMARY KEY, "value" character varying, "created_at" timestamp(6) NOT NULL, "updated_at" timestamp(6) NOT NULL)[0m
  [1m[36mActiveRecord::InternalMetadata Load (0.4ms)[0m  [1m[34mSELECT "ar_internal_metadata".* FROM "ar_internal_metadata" WHERE "ar_internal_metadata"."key" = $1 LIMIT $2[0m  [["key", "environment"], ["LIMIT", 1]]
  [1m[36mTRANSACTION (0.1ms)[0m  [1m[35mBEGIN[0m
  [1m[36mActiveRecord::InternalMetadata Create (0.8ms)[0m  [1m[32mINSERT INTO "ar_internal_metadata" ("key", "value", "created_at", "updated_at") VALUES ($1, $2, $3, $4) RETURNING "key"[0m  [["key", "environment"], ["value", "development"], ["created_at", "2023-05-29 21:22:07.430406"], ["updated_at", "2023-05-29 21:22:07.430406"]]
  [1m[36mTRANSACTION (0.2ms)[0m  [1m[35mCOMMIT[0m
  [1m[36mActiveRecord::InternalMetadata Load (0.2ms)[0m  [1m[34mSELECT "ar_internal_metadata".* FROM "ar_internal_metadata" WHERE "ar_internal_metadata"."key" = $1 LIMIT $2[0m  [["key", "environment"], ["LIMIT", 1]]
  [1m[36mTRANSACTION (0.1ms)[0m  [1m[35mBEGIN[0m
  [1m[36mActiveRecord::InternalMetadata Update (0.5ms)[0m  [1m[33mUPDATE "ar_internal_metadata" SET "value" = $1, "updated_at" = $2 WHERE "ar_internal_metadata"."key" = $3[0m  [["value", "test"], ["updated_at", "2023-05-29 21:22:07.448787"], ["key", "environment"]]
  [1m[36mTRANSACTION (0.2ms)[0m  [1m[35mCOMMIT[0m
  [1m[36mActiveRecord::InternalMetadata Load (0.3ms)[0m  [1m[34mSELECT "ar_internal_metadata".* FROM "ar_internal_metadata" WHERE "ar_internal_metadata"."key" = $1 LIMIT $2[0m  [["key", "schema_sha1"], ["LIMIT", 1]]
  [1m[36mTRANSACTION (0.1ms)[0m  [1m[35mBEGIN[0m
  [1m[36mActiveRecord::InternalMetadata Create (0.2ms)[0m  [1m[32mINSERT INTO "ar_internal_metadata" ("key", "value", "created_at", "updated_at") VALUES ($1, $2, $3, $4) RETURNING "key"[0m  [["key", "schema_sha1"], ["value", "bb403d1262cf10b1af60bae010f51cfd1c33dbf4"], ["created_at", "2023-05-29 21:22:07.458296"], ["updated_at", "2023-05-29 21:22:07.458296"]]
  [1m[36mTRANSACTION (0.2ms)[0m  [1m[35mCOMMIT[0m
  [1m[36mActiveRecord::SchemaMigration Pluck (0.9ms)[0m  [1m[34mSELECT "schema_migrations"."version" FROM "schema_migrations" ORDER BY "schema_migrations"."version" ASC[0m
  [1m[36mTRANSACTION (0.1ms)[0m  [1m[35mBEGIN[0m
  [1m[36mUser Load (0.5ms)[0m  [1m[34mSELECT "users".* FROM "users"[0m
  [1m[36mUser Exists? (0.9ms)[0m  [1m[34mSELECT 1 AS one FROM "users" WHERE "users"."session_token" = $1 LIMIT $2[0m  [["session_token", "[FILTERED]"], ["LIMIT", 1]]
  ↳ app/models/user.rb:50:in `generate_unique_session_token'
  [1m[36mUser Exists? (0.2ms)[0m  [1m[34mSELECT 1 AS one FROM "users" WHERE "users"."email" = $1 LIMIT $2[0m  [["email", "demo@user.io"], ["LIMIT", 1]]
  [1m[36mCACHE User Exists? (0.0ms)[0m  [1m[34mSELECT 1 AS one FROM "users" WHERE "users"."session_token" = $1 LIMIT $2[0m  [["session_token", "[FILTERED]"], ["LIMIT", 1]]
  [1m[36mUser Create (1.2ms)[0m  [1m[32mINSERT INTO "users" ("fname", "lname", "email", "zipcode", "created_at", "updated_at", "password_digest", "session_token") VALUES ($1, $2, $3, $4, $5, $6, $7, $8) RETURNING "id"[0m  [["fname", "Demo"], ["lname", "Lition"], ["email", "demo@user.io"], ["zipcode", "9000"], ["created_at", "2023-05-29 21:22:07.911539"], ["updated_at", "2023-05-29 21:22:07.911539"], ["password_digest", "[FILTERED]"], ["session_token", "[FILTERED]"]]
  [1m[36mTRANSACTION (0.8ms)[0m  [1m[35mCOMMIT[0m
  [1m[36mActiveRecord::SchemaMigration Pluck (1.1ms)[0m  [1m[34mSELECT "schema_migrations"."version" FROM "schema_migrations" ORDER BY "schema_migrations"."version" ASC[0m
Started GET "/api/session" for 127.0.0.1 at 2023-05-29 17:35:39 -0400
  [1m[36mActiveRecord::SchemaMigration Pluck (0.9ms)[0m  [1m[34mSELECT "schema_migrations"."version" FROM "schema_migrations" ORDER BY "schema_migrations"."version" ASC[0m
Processing by Api::SessionsController#show as JSON
  [1m[36mUser Load (0.6ms)[0m  [1m[34mSELECT "users".* FROM "users" WHERE "users"."session_token" IS NULL LIMIT $1[0m  [["LIMIT", 1]]
  ↳ app/controllers/application_controller.rb:26:in `current_user'
Completed 200 OK in 15ms (Views: 4.5ms | ActiveRecord: 1.9ms | Allocations: 4992)


Started POST "/api/session" for 127.0.0.1 at 2023-05-29 17:35:47 -0400
Processing by Api::SessionsController#create as JSON
  Parameters: {"password"=>"[FILTERED]", "session"=>{"password"=>"[FILTERED]"}}
  Rendering api/errors/internal_server_error.json.jbuilder
  Rendered api/errors/internal_server_error.json.jbuilder (Duration: 0.7ms | Allocations: 388)

NameError - undefined local variable or method `email' for #<Api::SessionsController:0x00000000009308>

        @user = User.find_by_credentials(email, password)
                                         ^^^^^:
	app/controllers/api/sessions_controller.rb:19:in `create'

Completed 500 Internal Server Error in 141ms (Views: 132.2ms | ActiveRecord: 0.0ms | Allocations: 282186)


Started POST "/api/session" for 127.0.0.1 at 2023-05-29 17:36:36 -0400
Processing by Api::SessionsController#create as JSON
  Parameters: {"password"=>"[FILTERED]", "session"=>{"password"=>"[FILTERED]"}}
  [1m[36mUser Load (0.2ms)[0m  [1m[34mSELECT "users".* FROM "users" WHERE "users"."email" IS NULL LIMIT $1[0m  [["LIMIT", 1]]
  ↳ app/models/user.rb:26:in `find_by_credentials'
Completed 422 Unprocessable Entity in 7ms (Views: 0.2ms | ActiveRecord: 1.8ms | Allocations: 3084)


Started POST "/api/session" for 127.0.0.1 at 2023-05-29 18:04:39 -0400
Processing by Api::SessionsController#create as JSON
  Parameters: {"password"=>"[FILTERED]", "session"=>{"password"=>"[FILTERED]"}}
  [1m[36mUser Load (1.2ms)[0m  [1m[34mSELECT "users".* FROM "users" WHERE "users"."email" IS NULL LIMIT $1[0m  [["LIMIT", 1]]
  ↳ app/models/user.rb:26:in `find_by_credentials'
Completed 422 Unprocessable Entity in 83ms (Views: 0.5ms | ActiveRecord: 27.2ms | Allocations: 4093)


Started POST "/api/session" for 127.0.0.1 at 2023-05-29 18:07:11 -0400
Processing by Api::SessionsController#create as JSON
  Parameters: {"credential"=>"demo@user.io", "password"=>"[FILTERED]", "session"=>{"credential"=>"demo@user.io", "password"=>"[FILTERED]"}}
  [1m[36mUser Load (0.8ms)[0m  [1m[34mSELECT "users".* FROM "users" WHERE "users"."email" IS NULL LIMIT $1[0m  [["LIMIT", 1]]
  ↳ app/models/user.rb:26:in `find_by_credentials'
Completed 422 Unprocessable Entity in 11ms (Views: 0.3ms | ActiveRecord: 0.8ms | Allocations: 995)


Started POST "/api/session" for 127.0.0.1 at 2023-05-29 18:18:12 -0400
Processing by Api::SessionsController#create as JSON
  Parameters: {"password"=>"[FILTERED]", "session"=>{"password"=>"[FILTERED]"}}
  [1m[36mUser Load (0.7ms)[0m  [1m[34mSELECT "users".* FROM "users" WHERE "users"."email" IS NULL LIMIT $1[0m  [["LIMIT", 1]]
  ↳ app/models/user.rb:26:in `find_by_credentials'
Completed 422 Unprocessable Entity in 52ms (Views: 0.2ms | ActiveRecord: 22.7ms | Allocations: 5747)


Started GET "/api/session" for 127.0.0.1 at 2023-05-29 18:20:28 -0400
Processing by Api::SessionsController#show as JSON
  [1m[36mUser Load (0.5ms)[0m  [1m[34mSELECT "users".* FROM "users" WHERE "users"."session_token" IS NULL LIMIT $1[0m  [["LIMIT", 1]]
  ↳ app/controllers/application_controller.rb:26:in `current_user'
Completed 200 OK in 15ms (Views: 0.2ms | ActiveRecord: 0.5ms | Allocations: 1037)


Started POST "/api/session" for 127.0.0.1 at 2023-05-29 18:20:33 -0400
Processing by Api::SessionsController#create as JSON
  Parameters: {"email"=>"demo@user.io", "password"=>"[FILTERED]", "session"=>{"email"=>"demo@user.io", "password"=>"[FILTERED]"}}
  [1m[36mUser Load (1.8ms)[0m  [1m[34mSELECT "users".* FROM "users" WHERE "users"."email" = $1 LIMIT $2[0m  [["email", "demo@user.io"], ["LIMIT", 1]]
  ↳ app/models/user.rb:26:in `find_by_credentials'
  [1m[36mUser Exists? (0.9ms)[0m  [1m[34mSELECT 1 AS one FROM "users" WHERE "users"."session_token" = $1 LIMIT $2[0m  [["session_token", "[FILTERED]"], ["LIMIT", 1]]
  ↳ app/models/user.rb:50:in `generate_unique_session_token'
  [1m[36mTRANSACTION (6.7ms)[0m  [1m[35mBEGIN[0m
  ↳ app/models/user.rb:41:in `reset_session_token!'
  [1m[36mUser Exists? (0.2ms)[0m  [1m[34mSELECT 1 AS one FROM "users" WHERE "users"."email" = $1 AND "users"."id" != $2 LIMIT $3[0m  [["email", "demo@user.io"], ["id", 1], ["LIMIT", 1]]
  ↳ app/models/user.rb:41:in `reset_session_token!'
  [1m[36mUser Exists? (0.1ms)[0m  [1m[34mSELECT 1 AS one FROM "users" WHERE "users"."session_token" = $1 AND "users"."id" != $2 LIMIT $3[0m  [["session_token", "[FILTERED]"], ["id", 1], ["LIMIT", 1]]
  ↳ app/models/user.rb:41:in `reset_session_token!'
  [1m[36mUser Update (7.8ms)[0m  [1m[33mUPDATE "users" SET "updated_at" = $1, "session_token" = $2 WHERE "users"."id" = $3[0m  [["updated_at", "2023-05-29 22:20:33.819279"], ["session_token", "[FILTERED]"], ["id", 1]]
  ↳ app/models/user.rb:41:in `reset_session_token!'
  [1m[36mTRANSACTION (1.4ms)[0m  [1m[35mCOMMIT[0m
  ↳ app/models/user.rb:41:in `reset_session_token!'
  Rendering api/users/show.json.jbuilder
  Rendered api/users/show.json.jbuilder (Duration: 0.9ms | Allocations: 256)
Completed 200 OK in 470ms (Views: 2.0ms | ActiveRecord: 34.7ms | Allocations: 16196)


Started GET "/api/session" for 127.0.0.1 at 2023-05-29 18:21:04 -0400
Processing by Api::SessionsController#show as JSON
  [1m[36mUser Load (1.5ms)[0m  [1m[34mSELECT "users".* FROM "users" WHERE "users"."session_token" = $1 LIMIT $2[0m  [["session_token", "[FILTERED]"], ["LIMIT", 1]]
  ↳ app/controllers/application_controller.rb:26:in `current_user'
  Rendering api/users/show.json.jbuilder
  Rendered api/users/show.json.jbuilder (Duration: 0.3ms | Allocations: 124)
Completed 200 OK in 22ms (Views: 1.2ms | ActiveRecord: 1.5ms | Allocations: 1394)


Started GET "/api/session" for 127.0.0.1 at 2023-05-29 18:21:08 -0400
Processing by Api::SessionsController#show as JSON
  [1m[36mUser Load (0.3ms)[0m  [1m[34mSELECT "users".* FROM "users" WHERE "users"."session_token" = $1 LIMIT $2[0m  [["session_token", "[FILTERED]"], ["LIMIT", 1]]
  ↳ app/controllers/application_controller.rb:26:in `current_user'
  Rendering api/users/show.json.jbuilder
  Rendered api/users/show.json.jbuilder (Duration: 0.3ms | Allocations: 124)
Completed 200 OK in 3ms (Views: 0.9ms | ActiveRecord: 0.3ms | Allocations: 1084)


Started DELETE "/api/session" for 127.0.0.1 at 2023-05-29 18:24:23 -0400
Processing by Api::SessionsController#destroy as JSON
  Parameters: {"session"=>{}}
  [1m[36mUser Load (0.6ms)[0m  [1m[34mSELECT "users".* FROM "users" WHERE "users"."session_token" = $1 LIMIT $2[0m  [["session_token", "[FILTERED]"], ["LIMIT", 1]]
  ↳ app/controllers/application_controller.rb:26:in `current_user'
  [1m[36mUser Exists? (0.5ms)[0m  [1m[34mSELECT 1 AS one FROM "users" WHERE "users"."session_token" = $1 LIMIT $2[0m  [["session_token", "[FILTERED]"], ["LIMIT", 1]]
  ↳ app/models/user.rb:50:in `generate_unique_session_token'
  [1m[36mTRANSACTION (0.1ms)[0m  [1m[35mBEGIN[0m
  ↳ app/models/user.rb:41:in `reset_session_token!'
  [1m[36mUser Exists? (0.3ms)[0m  [1m[34mSELECT 1 AS one FROM "users" WHERE "users"."email" = $1 AND "users"."id" != $2 LIMIT $3[0m  [["email", "demo@user.io"], ["id", 1], ["LIMIT", 1]]
  ↳ app/models/user.rb:41:in `reset_session_token!'
  [1m[36mUser Exists? (0.1ms)[0m  [1m[34mSELECT 1 AS one FROM "users" WHERE "users"."session_token" = $1 AND "users"."id" != $2 LIMIT $3[0m  [["session_token", "[FILTERED]"], ["id", 1], ["LIMIT", 1]]
  ↳ app/models/user.rb:41:in `reset_session_token!'
  [1m[36mUser Update (0.4ms)[0m  [1m[33mUPDATE "users" SET "updated_at" = $1, "session_token" = $2 WHERE "users"."id" = $3[0m  [["updated_at", "2023-05-29 22:24:23.954378"], ["session_token", "[FILTERED]"], ["id", 1]]
  ↳ app/models/user.rb:41:in `reset_session_token!'
  [1m[36mTRANSACTION (0.9ms)[0m  [1m[35mCOMMIT[0m
  ↳ app/models/user.rb:41:in `reset_session_token!'
Completed 204 No Content in 16ms (ActiveRecord: 2.8ms | Allocations: 4834)


Started GET "/api/session" for 127.0.0.1 at 2023-05-29 18:25:50 -0400
Processing by Api::SessionsController#show as JSON
  [1m[36mUser Load (0.4ms)[0m  [1m[34mSELECT "users".* FROM "users" WHERE "users"."session_token" IS NULL LIMIT $1[0m  [["LIMIT", 1]]
  ↳ app/controllers/application_controller.rb:26:in `current_user'
Completed 200 OK in 4ms (Views: 0.2ms | ActiveRecord: 0.4ms | Allocations: 988)


Started GET "/api/session" for 127.0.0.1 at 2023-05-29 18:26:37 -0400
  [1m[36mActiveRecord::SchemaMigration Pluck (1.4ms)[0m  [1m[34mSELECT "schema_migrations"."version" FROM "schema_migrations" ORDER BY "schema_migrations"."version" ASC[0m
Processing by Api::SessionsController#show as JSON
  [1m[36mUser Load (0.7ms)[0m  [1m[34mSELECT "users".* FROM "users" WHERE "users"."session_token" IS NULL LIMIT $1[0m  [["LIMIT", 1]]
  ↳ app/controllers/application_controller.rb:26:in `current_user'
Completed 200 OK in 13ms (Views: 0.2ms | ActiveRecord: 6.6ms | Allocations: 4903)


Started GET "/api/session" for 127.0.0.1 at 2023-05-29 18:35:11 -0400
Processing by Api::SessionsController#show as JSON
  [1m[36mUser Load (0.8ms)[0m  [1m[34mSELECT "users".* FROM "users" WHERE "users"."session_token" IS NULL LIMIT $1[0m  [["LIMIT", 1]]
  ↳ app/controllers/application_controller.rb:26:in `current_user'
Completed 200 OK in 47ms (Views: 0.2ms | ActiveRecord: 11.5ms | Allocations: 4003)


Started GET "/api/session" for 127.0.0.1 at 2023-05-29 18:54:42 -0400
Processing by Api::SessionsController#show as JSON
  [1m[36mUser Load (16.7ms)[0m  [1m[34mSELECT "users".* FROM "users" WHERE "users"."session_token" IS NULL LIMIT $1[0m  [["LIMIT", 1]]
  ↳ app/controllers/application_controller.rb:26:in `current_user'
Completed 200 OK in 116ms (Views: 3.2ms | ActiveRecord: 51.2ms | Allocations: 3835)


Started POST "/api/users" for 127.0.0.1 at 2023-05-29 18:55:41 -0400
Processing by Api::UsersController#create as JSON
  Parameters: {"email"=>"new@user.io", "password"=>"[FILTERED]", "user"=>{"email"=>"new@user.io", "password"=>"[FILTERED]"}}
  [1m[36mUser Load (0.3ms)[0m  [1m[34mSELECT "users".* FROM "users" WHERE "users"."session_token" IS NULL LIMIT $1[0m  [["LIMIT", 1]]
  ↳ app/controllers/application_controller.rb:26:in `current_user'
  [1m[36mTRANSACTION (1.1ms)[0m  [1m[35mBEGIN[0m
  ↳ app/models/user.rb:50:in `generate_unique_session_token'
  [1m[36mUser Exists? (0.8ms)[0m  [1m[34mSELECT 1 AS one FROM "users" WHERE "users"."session_token" = $1 LIMIT $2[0m  [["session_token", "[FILTERED]"], ["LIMIT", 1]]
  ↳ app/models/user.rb:50:in `generate_unique_session_token'
  [1m[36mUser Exists? (1.2ms)[0m  [1m[34mSELECT 1 AS one FROM "users" WHERE "users"."email" = $1 LIMIT $2[0m  [["email", "new@user.io"], ["LIMIT", 1]]
  ↳ app/controllers/api/users_controller.rb:9:in `create'
  [1m[36mCACHE User Exists? (0.0ms)[0m  [1m[34mSELECT 1 AS one FROM "users" WHERE "users"."session_token" = $1 LIMIT $2[0m  [["session_token", "[FILTERED]"], ["LIMIT", 1]]
  ↳ app/controllers/api/users_controller.rb:9:in `create'
  [1m[36mTRANSACTION (5.1ms)[0m  [1m[31mROLLBACK[0m
  ↳ app/controllers/api/users_controller.rb:9:in `create'
Completed 422 Unprocessable Entity in 578ms (Views: 0.2ms | ActiveRecord: 20.6ms | Allocations: 289348)


Started GET "/api/session" for 127.0.0.1 at 2023-05-29 20:06:09 -0400
Processing by Api::SessionsController#show as JSON
  [1m[36mUser Load (5.0ms)[0m  [1m[34mSELECT "users".* FROM "users" WHERE "users"."session_token" IS NULL LIMIT $1[0m  [["LIMIT", 1]]
  ↳ app/controllers/application_controller.rb:26:in `current_user'
Completed 200 OK in 185ms (Views: 0.4ms | ActiveRecord: 108.1ms | Allocations: 4044)


